Testing with forced fresh pull:

============================================
Running sangeetakakati/rust-compressor-native with  (Fresh Pull: true)
--------------------------------------------
Removing image sangeetakakati/rust-compressor-native to force fresh pull...
Using default tag: latest
latest: Pulling from sangeetakakati/rust-compressor-native
d9b5eb1bf4e8: Pull complete
9eeabca1b7ce: Pull complete
Digest: sha256:d7a01debfb0b2db373ae51d3b24aa7ee9b8ca769156619032721d13b4d3e90b2
Status: Downloaded newer image for sangeetakakati/rust-compressor-native:latest
docker.io/sangeetakakati/rust-compressor-native:latest
Image Pull Time: 44245 ms
Starting container...
Compression complete, output saved to /app/output_file.gz
        Command being timed: "docker run --rm --mount type=bind,source=/home/jetson/compressor,target=/app sangeetakakati/rust-compressor-native"
        User time (seconds): 0.05
        System time (seconds): 0.05
        Percent of CPU this job got: 0%
        Elapsed (wall clock) time (h:mm:ss or m:ss): 2:05.92
        Average shared text size (kbytes): 0
        Average unshared data size (kbytes): 0
        Average stack size (kbytes): 0
        Average total size (kbytes): 0
        Maximum resident set size (kbytes): 26368
        Average resident set size (kbytes): 0
        Major (requiring I/O) page faults: 9
        Minor (reclaiming a frame) page faults: 1453
        Voluntary context switches: 774
        Involuntary context switches: 36
        Swaps: 0
        File system inputs: 19528
        File system outputs: 0
        Socket messages sent: 0
        Socket messages received: 0
        Signals delivered: 0
        Page size (bytes): 4096
        Exit status: 0
Container Execution Time (Wall Clock): 170181 ms
--------------------------------------------
Execution for sangeetakakati/rust-compressor-native completed
Total Execution Time: 214426 ms

============================================
Running sangeetakakati/rust-compressor-wasm with io.containerd.wasmtime.v2 (Fresh Pull: true)
--------------------------------------------
Removing image sangeetakakati/rust-compressor-wasm to force fresh pull...
Using default tag: latest
latest: Pulling from sangeetakakati/rust-compressor-wasm
bf3f5392a881: Pull complete
05863d9c98d4: Pull complete
Digest: sha256:cd4029fa5e57fde1c34ea822e05cf398af2df0a6731c88d15c8a23decd1775ce
Status: Downloaded newer image for sangeetakakati/rust-compressor-wasm:latest
docker.io/sangeetakakati/rust-compressor-wasm:latest
Image Pull Time: 17381 ms
Starting container...
Running Wasm container with runtime: io.containerd.wasmtime.v2
Compression complete, output saved to /app/output_file.gz
        Command being timed: "docker run --runtime=io.containerd.wasmtime.v2 --platform=wasm --rm --mount type=bind,source=/home/jetson/compressor,target=/app sangeetakakati/rust-compressor-wasm"
        User time (seconds): 0.05
        System time (seconds): 0.03
        Percent of CPU this job got: 0%
        Elapsed (wall clock) time (h:mm:ss or m:ss): 2:56.52
        Average shared text size (kbytes): 0
        Average unshared data size (kbytes): 0
        Average stack size (kbytes): 0
        Average total size (kbytes): 0
        Maximum resident set size (kbytes): 29152
        Average resident set size (kbytes): 0
        Major (requiring I/O) page faults: 4
        Minor (reclaiming a frame) page faults: 1743
        Voluntary context switches: 794
        Involuntary context switches: 52
        Swaps: 0
        File system inputs: 7512
        File system outputs: 0
        Socket messages sent: 0
        Socket messages received: 0
        Signals delivered: 0
        Page size (bytes): 4096
        Exit status: 0
Container Execution Time (Wall Clock): 193920 ms
--------------------------------------------
Execution for sangeetakakati/rust-compressor-wasm completed
Total Execution Time: 211301 ms

Testing with cached images:
Using cached image for sangeetakakati/rust-compressor-native

============================================
Running sangeetakakati/rust-compressor-native with  (Fresh Pull: false)
--------------------------------------------
Using default tag: latest
latest: Pulling from sangeetakakati/rust-compressor-native
Digest: sha256:d7a01debfb0b2db373ae51d3b24aa7ee9b8ca769156619032721d13b4d3e90b2
Status: Image is up to date for sangeetakakati/rust-compressor-native:latest
docker.io/sangeetakakati/rust-compressor-native:latest
Image Pull Time: 1422 ms
Starting container...
Compression complete, output saved to /app/output_file.gz
        Command being timed: "docker run --rm --mount type=bind,source=/home/jetson/compressor,target=/app sangeetakakati/rust-compressor-native"
        User time (seconds): 0.04
        System time (seconds): 0.02
        Percent of CPU this job got: 0%
        Elapsed (wall clock) time (h:mm:ss or m:ss): 2:03.15
        Average shared text size (kbytes): 0
        Average unshared data size (kbytes): 0
        Average stack size (kbytes): 0
        Average total size (kbytes): 0
        Maximum resident set size (kbytes): 27968
        Average resident set size (kbytes): 0
        Major (requiring I/O) page faults: 1
        Minor (reclaiming a frame) page faults: 1612
        Voluntary context switches: 743
        Involuntary context switches: 38
        Swaps: 0
        File system inputs: 1568
        File system outputs: 0
        Socket messages sent: 0
        Socket messages received: 0
        Signals delivered: 0
        Page size (bytes): 4096
        Exit status: 0
Container Execution Time (Wall Clock): 124591 ms
--------------------------------------------
Execution for sangeetakakati/rust-compressor-native completed
Total Execution Time: 126013 ms
Using cached image for sangeetakakati/rust-compressor-wasm

============================================
Running sangeetakakati/rust-compressor-wasm with io.containerd.wasmtime.v2 (Fresh Pull: false)
--------------------------------------------
Using default tag: latest
latest: Pulling from sangeetakakati/rust-compressor-wasm
Digest: sha256:cd4029fa5e57fde1c34ea822e05cf398af2df0a6731c88d15c8a23decd1775ce
Status: Image is up to date for sangeetakakati/rust-compressor-wasm:latest
docker.io/sangeetakakati/rust-compressor-wasm:latest
Image Pull Time: 1189 ms
Starting container...
Running Wasm container with runtime: io.containerd.wasmtime.v2
Compression complete, output saved to /app/output_file.gz
        Command being timed: "docker run --runtime=io.containerd.wasmtime.v2 --platform=wasm --rm --mount type=bind,source=/home/jetson/compressor,target=/app sangeetakakati/rust-compressor-wasm"
        User time (seconds): 0.03
        System time (seconds): 0.03
        Percent of CPU this job got: 0%
        Elapsed (wall clock) time (h:mm:ss or m:ss): 2:56.03
        Average shared text size (kbytes): 0
        Average unshared data size (kbytes): 0
        Average stack size (kbytes): 0
        Average total size (kbytes): 0
        Maximum resident set size (kbytes): 29536
        Average resident set size (kbytes): 0
        Major (requiring I/O) page faults: 1
        Minor (reclaiming a frame) page faults: 1100
        Voluntary context switches: 669
        Involuntary context switches: 44
        Swaps: 0
        File system inputs: 1408
        File system outputs: 0
        Socket messages sent: 0
        Socket messages received: 0
        Signals delivered: 0
        Page size (bytes): 4096
        Exit status: 0
Container Execution Time (Wall Clock): 177238 ms
--------------------------------------------
Execution for sangeetakakati/rust-compressor-wasm completed
Total Execution Time: 178427 ms
